<?xml version="1.0" encoding="UTF-8"?>
<!-- Generated by org.testng.reporters.JUnitReportReporter -->
<testsuite skipped="0" hostname="DESKTOP-77T8OHD" name="com.nopcommerce.demo.AppTest" tests="1" failures="0" timestamp="05 Dec 2021 13:05:37 GMT" time="0.018" errors="0">
  <testcase name="shouldAnswerWithTrue" time="0.018" classname="com.nopcommerce.demo.AppTest"/>
</testsuite> <!-- com.nopcommerce.demo.AppTest -->
